Android/expresstracker/build/outputs/logs/manifest-merger-debug-report.txt
-- Merging decision tree log ---
manifest
ADDED from src/main/AndroidManifest.xml:3:1-85:12
	package
		ADDED from src/main/AndroidManifest.xml:5:5-40
		INJECTED from src/main/AndroidManifest.xml
		INJECTED from src/main/AndroidManifest.xml
	android:versionName
		INJECTED from src/main/AndroidManifest.xml
		INJECTED from src/main/AndroidManifest.xml
	xmlns:android
		ADDED from src/main/AndroidManifest.xml:4:5-63
	android:versionCode
		INJECTED from src/main/AndroidManifest.xml
		INJECTED from src/main/AndroidManifest.xml
uses-permission#android.permission.CAMERA
ADDED from src/main/AndroidManifest.xml:7:5-65
	android:name
		ADDED from src/main/AndroidManifest.xml:7:22-62
uses-permission#android.permission.INTERNET
ADDED from src/main/AndroidManifest.xml:8:5-83
	android:name
		ADDED from src/main/AndroidManifest.xml:8:22-64
application
ADDED from src/main/AndroidManifest.xml:10:3-84:17
MERGED from [me.dm7.barcodescanner:zxing:1.9.8] AndroidManifest.xml:11:5-20
MERGED from [me.dm7.barcodescanner:core:1.9.8] AndroidManifest.xml:11:5-20
MERGED from [com.android.support:design:25.3.1] AndroidManifest.xml:29:5-20
MERGED from [com.android.support:appcompat-v7:25.3.1] AndroidManifest.xml:29:5-20
MERGED from [com.android.support:animated-vector-drawable:25.3.1] AndroidManifest.xml:26:5-20
MERGED from [com.android.support:support-vector-drawable:25.3.1] AndroidManifest.xml:26:5-20
MERGED from [com.android.support:transition:25.3.1] AndroidManifest.xml:26:5-20
MERGED from [com.android.support:support-v4:25.3.1] AndroidManifest.xml:29:5-20
MERGED from [com.android.support:support-fragment:25.3.1] AndroidManifest.xml:29:5-20
MERGED from [com.android.support:support-media-compat:25.3.1] AndroidManifest.xml:29:5-20
MERGED from [com.android.support:support-core-ui:25.3.1] AndroidManifest.xml:29:5-20
MERGED from [com.android.support:support-core-utils:25.3.1] AndroidManifest.xml:29:5-20
MERGED from [com.android.support:support-compat:25.3.1] AndroidManifest.xml:29:5-20
	android:label
		ADDED from src/main/AndroidManifest.xml:11:9-41
	android:allowBackup
		ADDED from src/main/AndroidManifest.xml:10:16-42
	android:icon
		ADDED from src/main/AndroidManifest.xml:12:9-45
activity#me.lxl.expresstrack.zxing.LoginActivity
ADDED from src/main/AndroidManifest.xml:14:7-21:18
	android:label
		ADDED from src/main/AndroidManifest.xml:16:11-43
	android:theme
		ADDED from src/main/AndroidManifest.xml:15:11-42
	android:name
		ADDED from src/main/AndroidManifest.xml:14:17-46
intent-filter#android.intent.action.MAIN+android.intent.category.LAUNCHER
ADDED from src/main/AndroidManifest.xml:17:11-20:27
action#android.intent.action.MAIN
ADDED from src/main/AndroidManifest.xml:18:15-67
	android:name
		ADDED from src/main/AndroidManifest.xml:18:23-64
category#android.intent.category.LAUNCHER
ADDED from src/main/AndroidManifest.xml:19:15-75
	android:name
		ADDED from src/main/AndroidManifest.xml:19:25-72
activity#me.lxl.expresstrack.zxing.MainActivity
ADDED from src/main/AndroidManifest.xml:24:9-27:20
	android:label
		ADDED from src/main/AndroidManifest.xml:26:19-51
	android:theme
		ADDED from src/main/AndroidManifest.xml:25:19-50
	android:name
		ADDED from src/main/AndroidManifest.xml:24:19-47
activity#me.lxl.expresstrack.zxing.FullScannerActivity
ADDED from src/main/AndroidManifest.xml:29:9-35:20
	android:label
		ADDED from src/main/AndroidManifest.xml:32:19-59
	android:uiOptions
		ADDED from src/main/AndroidManifest.xml:31:19-63
	android:theme
		ADDED from src/main/AndroidManifest.xml:30:19-57
	android:name
		ADDED from src/main/AndroidManifest.xml:29:19-54
meta-data#android.support.UI_OPTIONS
ADDED from src/main/AndroidManifest.xml:33:13-34:67
	android:value
		ADDED from src/main/AndroidManifest.xml:34:24-64
	android:name
		ADDED from src/main/AndroidManifest.xml:33:24-65
activity#me.lxl.expresstrack.zxing.FullScannerFragmentActivity
ADDED from src/main/AndroidManifest.xml:37:9-43:20
	android:label
		ADDED from src/main/AndroidManifest.xml:40:19-68
	android:uiOptions
		ADDED from src/main/AndroidManifest.xml:39:19-63
	android:theme
		ADDED from src/main/AndroidManifest.xml:38:19-57
	android:name
		ADDED from src/main/AndroidManifest.xml:37:19-62
activity#me.lxl.expresstrack.zxing.SimpleScannerActivity
ADDED from src/main/AndroidManifest.xml:45:9-48:20
	android:label
		ADDED from src/main/AndroidManifest.xml:47:17-64
	android:theme
		ADDED from src/main/AndroidManifest.xml:46:17-55
	android:name
		ADDED from src/main/AndroidManifest.xml:45:19-56
activity#me.lxl.expresstrack.zxing.SimpleScannerFragmentActivity
ADDED from src/main/AndroidManifest.xml:50:9-53:20
	android:label
		ADDED from src/main/AndroidManifest.xml:52:17-73
	android:theme
		ADDED from src/main/AndroidManifest.xml:51:17-55
	android:name
		ADDED from src/main/AndroidManifest.xml:50:19-64
activity#me.lxl.expresstrack.zxing.FullScreenScannerFragmentActivity
ADDED from src/main/AndroidManifest.xml:55:9-58:18
	android:label
		ADDED from src/main/AndroidManifest.xml:57:17-78
	android:theme
		ADDED from src/main/AndroidManifest.xml:56:19-57
	android:name
		ADDED from src/main/AndroidManifest.xml:55:19-68
activity#me.lxl.expresstrack.zxing.CustomViewFinderScannerActivity
ADDED from src/main/AndroidManifest.xml:60:7-63:18
	android:label
		ADDED from src/main/AndroidManifest.xml:62:17-76
	android:theme
		ADDED from src/main/AndroidManifest.xml:61:17-48
	android:name
		ADDED from src/main/AndroidManifest.xml:60:17-64
activity#me.lxl.expresstrack.zxing.ScalingScannerActivity
ADDED from src/main/AndroidManifest.xml:65:7-68:18
	android:label
		ADDED from src/main/AndroidManifest.xml:67:17-60
	android:theme
		ADDED from src/main/AndroidManifest.xml:66:17-48
	android:name
		ADDED from src/main/AndroidManifest.xml:65:17-55
activity#me.lxl.expresstrack.zxing.AddNewExpressActivity
ADDED from src/main/AndroidManifest.xml:70:7-73:18
	android:label
		ADDED from src/main/AndroidManifest.xml:72:11-50
	android:theme
		ADDED from src/main/AndroidManifest.xml:71:11-42
	android:name
		ADDED from src/main/AndroidManifest.xml:70:17-54
service#me.lxl.expresstrack.zxing.SyncService
ADDED from src/main/AndroidManifest.xml:75:7-81:17
	android:name
		ADDED from src/main/AndroidManifest.xml:76:11-38
intent-filter#me.lxl.expresstrack.zxing.SyncService.startsync
ADDED from src/main/AndroidManifest.xml:77:11-79:27
action#me.lxl.expresstrack.zxing.SyncService.startsync
ADDED from src/main/AndroidManifest.xml:78:15-87
	android:name
		ADDED from src/main/AndroidManifest.xml:78:23-85
uses-sdk
INJECTED from src/main/AndroidManifest.xml reason: use-sdk injection requested
MERGED from [me.dm7.barcodescanner:zxing:1.9.8] AndroidManifest.xml:7:5-9:41
MERGED from [me.dm7.barcodescanner:core:1.9.8] AndroidManifest.xml:7:5-9:41
MERGED from [com.android.support:design:25.3.1] AndroidManifest.xml:21:5-23:62
MERGED from [com.android.support:appcompat-v7:25.3.1] AndroidManifest.xml:21:5-23:78
MERGED from [com.android.support:animated-vector-drawable:25.3.1] AndroidManifest.xml:20:5-44
MERGED from [com.android.support:support-vector-drawable:25.3.1] AndroidManifest.xml:20:5-43
MERGED from [com.android.support:recyclerview-v7:25.3.1] AndroidManifest.xml:20:5-43
MERGED from [com.android.support:transition:25.3.1] AndroidManifest.xml:20:5-44
MERGED from [com.android.support:support-v4:25.3.1] AndroidManifest.xml:21:5-23:54
MERGED from [com.android.support:support-fragment:25.3.1] AndroidManifest.xml:21:5-23:60
MERGED from [com.android.support:support-media-compat:25.3.1] AndroidManifest.xml:21:5-23:63
MERGED from [com.android.support:support-core-ui:25.3.1] AndroidManifest.xml:21:5-23:58
MERGED from [com.android.support:support-core-utils:25.3.1] AndroidManifest.xml:21:5-23:61
MERGED from [com.android.support:support-compat:25.3.1] AndroidManifest.xml:21:5-23:58
	tools:overrideLibrary
		ADDED from [com.android.support:design:25.3.1] AndroidManifest.xml:23:9-59
	android:targetSdkVersion
		INJECTED from src/main/AndroidManifest.xml
		INJECTED from src/main/AndroidManifest.xml
	android:minSdkVersion
		INJECTED from src/main/AndroidManifest.xml
		INJECTED from src/main/AndroidManifest.xml
meta-data#android.support.VERSION
ADDED from [com.android.support:design:25.3.1] AndroidManifest.xml:25:5-27:34
MERGED from [com.android.support:appcompat-v7:25.3.1] AndroidManifest.xml:25:5-27:34
MERGED from [com.android.support:animated-vector-drawable:25.3.1] AndroidManifest.xml:22:5-24:34
MERGED from [com.android.support:support-vector-drawable:25.3.1] AndroidManifest.xml:22:5-24:34
MERGED from [com.android.support:recyclerview-v7:25.3.1] AndroidManifest.xml:22:5-24:34
MERGED from [com.android.support:transition:25.3.1] AndroidManifest.xml:22:5-24:34
MERGED from [com.android.support:support-v4:25.3.1] AndroidManifest.xml:25:5-27:34
MERGED from [com.android.support:support-fragment:25.3.1] AndroidManifest.xml:25:5-27:34
MERGED from [com.android.support:support-media-compat:25.3.1] AndroidManifest.xml:25:5-27:34
MERGED from [com.android.support:support-core-ui:25.3.1] AndroidManifest.xml:25:5-27:34
MERGED from [com.android.support:support-core-utils:25.3.1] AndroidManifest.xml:25:5-27:34
MERGED from [com.android.support:support-compat:25.3.1] AndroidManifest.xml:25:5-27:34
	android:value
		ADDED from [com.android.support:design:25.3.1] AndroidManifest.xml:27:9-31
	android:name
		ADDED from [com.android.support:design:25.3.1] AndroidManifest.xml:26:9-47